--- Copying files at Thu Oct 12 05:44:19 UTC 2023
--- Copying files at Thu Oct 12 17:12:11 UTC 2023
--- Copying files at Fri Oct 13 06:18:48 UTC 2023
--- Copying files at Fri Oct 13 10:25:46 UTC 2023
--- Copying files at Fri Oct 13 11:43:47 UTC 2023
--- Copying files at Fri Oct 13 16:14:17 UTC 2023
--- Copying files at Fri Oct 13 18:46:10 UTC 2023
--- Copying files at Sun Oct 15 17:18:08 UTC 2023
--- Copying files at Mon Oct 16 03:25:52 UTC 2023
--- Copying files at Mon Oct 16 03:35:04 UTC 2023
--- Copying files at Mon Oct 16 06:13:24 UTC 2023
--- Copying files at Mon Oct 16 15:59:31 UTC 2023
--- Copying files at Tue Oct 17 02:56:27 UTC 2023
--- Copying files at Tue Oct 17 03:39:48 UTC 2023
--- Copying files at Wed Oct 18 05:38:30 UTC 2023
--- Copying files at Wed Oct 25 07:16:45 UTC 2023
--- Copying files at Wed Oct 25 14:33:17 UTC 2023
--- Copying files at Wed Oct 25 15:06:34 UTC 2023
--- Copying files at Wed Oct 25 17:53:46 UTC 2023
--- Copying files at Fri Oct 27 06:01:51 UTC 2023
--- Copying files at Fri Nov  3 09:24:08 UTC 2023
--- Copying files at Sat Nov  4 07:37:15 UTC 2023
--- Copying files at Sat Nov  4 07:50:12 UTC 2023
