Started at Fri Nov 03 09:39:37 UTC 2023
Processing boolPipeline
Offering boolPipeline to Project Build Discarder
Processing challenge3 pipeline
Offering challenge3 pipeline to Project Build Discarder
Processing choicePipeline
Offering choicePipeline to Project Build Discarder
Processing envPipeline
Offering envPipeline to Project Build Discarder
Processing functions-pipeline
Offering functions-pipeline to Project Build Discarder
Processing GitHub_Pipeline
Offering GitHub_Pipeline to Project Build Discarder
Processing if-statement-pipeline
Offering if-statement-pipeline to Project Build Discarder
Processing Mattermost_Job
Offering Mattermost_Job to Project Build Discarder
Processing Mattermost_pipeline
Offering Mattermost_pipeline to Project Build Discarder
Processing multi-line-pipeline
Offering multi-line-pipeline to Project Build Discarder
Processing Pipeline_Challenge2
Offering Pipeline_Challenge2 to Project Build Discarder
Processing Pipeline_job
Offering Pipeline_job to Project Build Discarder
Processing simple-pipeline-to-check-notification
Offering simple-pipeline-to-check-notification to Project Build Discarder
Processing stringParam
Offering stringParam to Project Build Discarder
Processing variablePipeline
Offering variablePipeline to Project Build Discarder
Processing MultiBranch Pipeline/master
Offering MultiBranch Pipeline/master to Project Build Discarder
Processing MultiBranch Pipeline/newpipeline
Offering MultiBranch Pipeline/newpipeline to Project Build Discarder
Finished at Fri Nov 03 09:39:37 UTC 2023. 7ms
Started at Fri Nov 03 10:39:37 UTC 2023
Processing boolPipeline
Offering boolPipeline to Project Build Discarder
Processing challenge3 pipeline
Offering challenge3 pipeline to Project Build Discarder
Processing choicePipeline
Offering choicePipeline to Project Build Discarder
Processing envPipeline
Offering envPipeline to Project Build Discarder
Processing functions-pipeline
Offering functions-pipeline to Project Build Discarder
Processing GitHub_Pipeline
Offering GitHub_Pipeline to Project Build Discarder
Processing if-statement-pipeline
Offering if-statement-pipeline to Project Build Discarder
Processing Mattermost_Job
Offering Mattermost_Job to Project Build Discarder
Processing Mattermost_pipeline
Offering Mattermost_pipeline to Project Build Discarder
Processing multi-line-pipeline
Offering multi-line-pipeline to Project Build Discarder
Processing Pipeline_Challenge2
Offering Pipeline_Challenge2 to Project Build Discarder
Processing Pipeline_job
Offering Pipeline_job to Project Build Discarder
Processing simple-pipeline-to-check-notification
Offering simple-pipeline-to-check-notification to Project Build Discarder
Processing stringParam
Offering stringParam to Project Build Discarder
Processing variablePipeline
Offering variablePipeline to Project Build Discarder
Processing MultiBranch Pipeline/master
Offering MultiBranch Pipeline/master to Project Build Discarder
Processing MultiBranch Pipeline/newpipeline
Offering MultiBranch Pipeline/newpipeline to Project Build Discarder
Finished at Fri Nov 03 10:39:37 UTC 2023. 1ms
